<?xml version="1.0" encoding="UTF-8"?>
<!-- Generated by org.testng.reporters.JUnitReportReporter -->
<testsuite hostname="LUK-5CG1196QD7" failures="0" tests="3" name="academy1.tests.SubmitOrderTest" time="31.251" errors="0" timestamp="2024-07-18T09:33:47 BST" skipped="0">
  <testcase classname="academy1.tests.SubmitOrderTest" name="submitOrder" time="11.900"/>
  <testcase classname="academy1.tests.SubmitOrderTest" name="submitOrder" time="13.212"/>
  <testcase classname="academy1.tests.SubmitOrderTest" name="OrderHistoryTest" time="6.139"/>
</testsuite> <!-- academy1.tests.SubmitOrderTest -->
