<?xml version="1.0" encoding="UTF-8"?>
<!-- Generated by org.testng.reporters.JUnitReportReporter -->
<testsuite hostname="LUK-5CG1196QD7" failures="0" tests="1" name="cucumber.TestNGRunner" time="9.870" errors="0" timestamp="2024-07-22T10:41:29 BST" skipped="0">
  <testcase classname="cucumber.TestNGRunner" name="runScenario" time="9.870"/>
</testsuite> <!-- cucumber.TestNGRunner -->
